\BOOKMARK [1][-]{section.1}{\376\377\000D\000a\000n\000e\000\040\000g\000e\000o\000m\000e\000t\000r\000y\000c\000z\000n\000e\000\040\000u\000s\000t\000e\000r\000z\000e\000n\000i\000a}{}% 1
\BOOKMARK [2][-]{subsection.1.1}{\376\377\000U\000s\000t\000e\000r\000z\000e\000n\000i\000e\000\040\000p\000o\000z\000i\000o\000m\000e}{section.1}% 2
\BOOKMARK [2][-]{subsection.1.2}{\376\377\000S\000t\000e\000r\000y\000\040\000w\000y\000s\000o\000k\000o\001\133\000c\000i}{section.1}% 3
\BOOKMARK [1][-]{section.2}{\376\377\000M\000o\000m\000e\000n\000t\000\040\000p\000o\000c\000h\000y\000l\000a\000j\001\005\000c\000y\000\040\000s\000a\000m\000o\000l\000o\000t\000u}{}% 4
\BOOKMARK [2][-]{subsection.2.1}{\376\377\000W\000s\000p\000\363\001\102\000c\000z\000y\000n\000n\000i\000k\000\040\000m\000o\000m\000e\000n\000t\000u\000\040\000p\000o\000c\000h\000y\000l\000a\000j\001\005\000c\000e\000g\000o}{section.2}% 5
\BOOKMARK [2][-]{subsection.2.2}{\376\377\000W\000y\000n\000i\000k\000i}{section.2}% 6
\BOOKMARK [1][-]{section.3}{\376\377\000C\000h\000a\000r\000a\000k\000t\000e\000r\000y\000s\000t\000y\000k\000i\000\040\000a\000e\000r\000o\000d\000y\000n\000a\000m\000i\000c\000z\000n\000e\000\040\000u\000s\000t\000e\000r\000z\000e\000n\000i\000a\000\040\000p\000o\000z\000i\000o\000m\000e\000g\000o}{}% 7
\BOOKMARK [2][-]{subsection.3.1}{\376\377\000G\000r\000a\000d\000i\000e\000n\000t\000\040\000s\000i\001\102\000y\000\040\000n\000o\001\133\000n\000e\000j}{section.3}% 8
\BOOKMARK [1][-]{section.4}{\376\377\000P\000u\000n\000k\000t\000y\000\040\000n\000e\000u\000t\000r\000a\000l\000n\000e\000\040\000s\000t\000a\000t\000e\000c\000z\000n\000o\001\133\000c\000i}{}% 9
\BOOKMARK [2][-]{subsection.4.1}{\376\377\000P\000u\000n\000k\000t\000\040\000n\000e\000u\000t\000r\000a\000l\000n\000y\000\040\000p\000r\000z\000y\000\040\000s\000t\000e\000r\000z\000e\000\040\000s\000w\000o\000b\000o\000d\000n\000y\000m}{section.4}% 10
\BOOKMARK [2][-]{subsection.4.2}{\376\377\000P\000u\000n\000k\000t\000\040\000n\000e\000u\000t\000r\000a\000l\000n\000y\000\040\000p\000r\000z\000y\000\040\000s\000t\000e\000r\000z\000e\000\040\000u\000s\000t\000a\000l\000o\000n\000y\000m}{section.4}% 11
\BOOKMARK [1][-]{section.5}{\376\377\000P\000u\000n\000k\000t\000y\000\040\000n\000e\000u\000t\000r\000a\000l\000n\000e\000\040\000s\000t\000e\000r\000o\000w\000n\000o\001\133\000c\000i}{}% 12
\BOOKMARK [2][-]{subsection.5.1}{\376\377\000W\000a\000r\000u\000n\000e\000k\000\040\000s\000t\000e\000r\000o\000w\000n\000o\001\133\000c\000i}{section.5}% 13
\BOOKMARK [1][-]{section.6}{\376\377\000O\000c\000e\000n\000a\000\040\000w\000y\000w\000a\001\174\000e\000n\000i\000a\000\040\000s\000a\000m\000o\000l\000o\000t\000u\000\040\040\024\000\040\000g\000r\000a\000d\000i\000e\000n\000t\000y\000\040\000s\000i\001\102\000\040\000i\000\040\000w\000y\000c\000h\000y\000l\000e\001\104\000\040\000s\000t\000e\000r\000u\000\040\000w\000y\000s\000o\000k\000o\001\133\000c\000i}{}% 14
\BOOKMARK [2][-]{subsection.6.1}{\376\377\000G\000r\000a\000d\000i\000e\000n\000t\000\040\000w\000y\000c\000h\000y\000l\000e\000n\000i\000a\000\040\000s\000t\000e\000r\000u}{section.6}% 15
\BOOKMARK [2][-]{subsection.6.2}{\376\377\000G\000r\000a\000d\000i\000e\000n\000t\000\040\000s\000i\001\102\000y\000\040\000n\000a\000\040\000d\000r\001\005\001\174\000k\000u}{section.6}% 16
\BOOKMARK [1][-]{section.7}{\376\377\000R\000\363\000w\000n\000o\000w\000a\000g\000a\000\040\000s\000a\000m\000o\000l\000o\000t\000u}{}% 17
\BOOKMARK [2][-]{subsection.7.1}{\376\377\000W\000a\000r\000u\000n\000k\000i\000\040\000r\000\363\000w\000n\000o\000w\000a\000g\000i\000\040\000p\000o\000d\001\102\000u\001\174\000n\000e\000j}{section.7}% 18
\BOOKMARK [2][-]{subsection.7.2}{\376\377\000W\000y\000k\000r\000e\000s\000y\000\040\000r\000\363\000w\000n\000o\000w\000a\000g\000i}{section.7}% 19
\BOOKMARK [1][-]{section.8}{\376\377\000P\000o\000d\000s\000u\000m\000o\000w\000a\000n\000i\000e}{}% 20
\BOOKMARK [1][-]{appendix.A}{\376\377\000K\000o\000d\000\040\000o\000b\000l\000i\000c\000z\000e\000n\000i\000o\000w\000y\000\040\000/\000\040\000s\000k\000r\000y\000p\000t\000y}{}% 21
\BOOKMARK [1][-]{appendix.B}{\376\377\000D\000a\000n\000e\000\040\000w\000e\000j\001\133\000c\000i\000o\000w\000e\000\040\040\024\000\040\000z\000e\000s\000t\000a\000w\000i\000e\000n\000i\000e}{}% 22
